2023-04-11 10:36:31.505 [info] Log level: Info
2023-04-11 10:36:31.505 [info] Validating found git in: "git"
2023-04-11 10:36:31.505 [info] Using git "" from "git"
2023-04-11 10:36:31.505 [info] > git rev-parse --show-toplevel [50ms]
2023-04-11 10:36:31.517 [info] > git rev-parse --git-dir --git-common-dir [5ms]
2023-04-11 10:36:31.528 [info] Open repository: /root/daa
2023-04-11 10:36:31.542 [info] > git config --get commit.template [2ms]
2023-04-11 10:36:31.551 [info] > git for-each-ref --format=%(refname)%00%(upstream:short)%00%(objectname)%00%(upstream:track)%00%(upstream:remotename)%00%(upstream:remoteref) refs/heads/main refs/remotes/main [5ms]
2023-04-11 10:36:31.565 [info] > git status -z -uall [8ms]
2023-04-11 10:36:31.579 [info] > git config --get commit.template [4ms]
2023-04-11 10:36:31.579 [info] > git for-each-ref --format=%(refname)%00%(upstream:short)%00%(objectname)%00%(upstream:track)%00%(upstream:remotename)%00%(upstream:remoteref) refs/heads/main refs/remotes/main [2ms]
2023-04-11 10:36:31.584 [info] > git status -z -uall [1ms]
2023-04-11 10:36:31.882 [info] > git show --textconv :pert3.md [9ms]
2023-04-11 10:36:31.882 [info] > git ls-files --stage -- /root/daa/pert3.md [1ms]
2023-04-11 10:36:31.893 [info] > git cat-file -s 4cc43e33a9c641bd691bcd55fe3e639facab126d [2ms]
2023-04-11 10:36:32.064 [info] > git check-ignore -v -z --stdin [2ms]
2023-04-11 10:37:46.907 [info] > git show --textconv :pert3.md [6ms]
2023-04-11 10:37:46.907 [info] > git ls-files --stage -- /root/daa/pert3.md [1ms]
2023-04-11 10:37:46.915 [info] > git cat-file -s 4cc43e33a9c641bd691bcd55fe3e639facab126d [1ms]
2023-04-11 10:39:59.252 [info] > git check-ignore -v -z --stdin [0ms]
2023-04-11 10:39:59.806 [info] > git config --get commit.template [1ms]
2023-04-11 10:39:59.812 [info] > git for-each-ref --format=%(refname)%00%(upstream:short)%00%(objectname)%00%(upstream:track)%00%(upstream:remotename)%00%(upstream:remoteref) refs/heads/main refs/remotes/main [1ms]
2023-04-11 10:39:59.818 [info] > git status -z -uall [1ms]
2023-04-11 10:40:33.365 [info] > git show --textconv :Pertemuan 3/flowchart.md [5ms]
2023-04-11 10:40:33.365 [info] > git ls-files --stage -- /root/daa/Pertemuan 3/flowchart.md [3ms]
2023-04-11 10:40:33.612 [info] > git check-ignore -v -z --stdin [1ms]
2023-04-11 10:40:34.178 [info] > git config --get commit.template [0ms]
2023-04-11 10:40:34.183 [info] > git for-each-ref --format=%(refname)%00%(upstream:short)%00%(objectname)%00%(upstream:track)%00%(upstream:remotename)%00%(upstream:remoteref) refs/heads/main refs/remotes/main [0ms]
2023-04-11 10:40:34.188 [info] > git status -z -uall [1ms]
2023-04-11 10:41:47.557 [info] > git config --get commit.template [1ms]
2023-04-11 10:41:47.562 [info] > git for-each-ref --format=%(refname)%00%(upstream:short)%00%(objectname)%00%(upstream:track)%00%(upstream:remotename)%00%(upstream:remoteref) refs/heads/main refs/remotes/main [1ms]
2023-04-11 10:41:47.567 [info] > git status -z -uall [1ms]
2023-04-11 10:41:53.678 [info] > git show --textconv HEAD:Pertemuan 3/flowchart.md [5ms]
2023-04-11 10:41:53.679 [info] > git ls-tree -l HEAD -- /root/daa/Pertemuan 3/flowchart.md [1ms]
2023-04-11 10:41:59.982 [info] > git show --textconv :pert3.md [4ms]
2023-04-11 10:41:59.983 [info] > git ls-files --stage -- /root/daa/pert3.md [1ms]
2023-04-11 10:41:59.989 [info] > git cat-file -s 4cc43e33a9c641bd691bcd55fe3e639facab126d [2ms]
2023-04-11 10:42:05.663 [info] > git config --get commit.template [1ms]
2023-04-11 10:42:05.668 [info] > git for-each-ref --format=%(refname)%00%(upstream:short)%00%(objectname)%00%(upstream:track)%00%(upstream:remotename)%00%(upstream:remoteref) refs/heads/main refs/remotes/main [2ms]
2023-04-11 10:42:05.671 [info] > git status -z -uall [0ms]
