2023-04-04 11:55:35.615 [info] Extension host with pid 156 started
2023-04-04 11:55:35.636 [info] Lock '/root/.vscode-server/data/User/workspaceStorage/a1a1e98df30cb16e467ade92ffc771a5/vscode.lock': Lock acquired.
2023-04-04 11:55:35.699 [info] ExtensionService#_doActivateExtension vscode.extension-editing, startup: false, activationEvent: 'onLanguage:markdown'
2023-04-04 11:55:35.700 [info] ExtensionService#_doActivateExtension vscode.markdown-language-features, startup: false, activationEvent: 'onLanguage:markdown'
2023-04-04 11:55:35.701 [info] ExtensionService#_doActivateExtension vscode.emmet, startup: false, activationEvent: 'onLanguage'
2023-04-04 11:55:36.199 [info] ExtensionService#_doActivateExtension vscode.git-base, startup: true, activationEvent: '*', root cause: vscode.git
2023-04-04 11:55:36.259 [info] ExtensionService#_doActivateExtension vscode.git, startup: true, activationEvent: '*'
2023-04-04 11:55:36.259 [info] ExtensionService#_doActivateExtension vscode.github, startup: true, activationEvent: '*'
2023-04-04 11:55:36.484 [info] ExtensionService#_doActivateExtension vscode.markdown-math, startup: false, activationEvent: 'api', root cause: vscode.markdown-language-features
2023-04-04 11:55:36.583 [info] Eager extensions activated
2023-04-04 11:55:36.583 [info] ExtensionService#_doActivateExtension vscode.debug-auto-launch, startup: false, activationEvent: 'onStartupFinished'
2023-04-04 11:55:36.583 [info] ExtensionService#_doActivateExtension vscode.merge-conflict, startup: false, activationEvent: 'onStartupFinished'
2023-04-04 12:00:47.756 [info] Extension host terminating: received terminate message from renderer
2023-04-04 12:00:47.756 [info] Lock '/root/.vscode-server/data/User/workspaceStorage/a1a1e98df30cb16e467ade92ffc771a5/vscode.lock': Marking the lockfile as scheduled to be released in 6000 ms.
2023-04-04 12:00:47.783 [error] Canceled: Canceled
	at new l (/root/.vscode-server/bin/7f329fe6c66b0f86ae1574c2911b681ad5a45d63/out/vs/workbench/api/node/extensionHostProcess.js:99:105190)
	at c.O (/root/.vscode-server/bin/7f329fe6c66b0f86ae1574c2911b681ad5a45d63/out/vs/workbench/api/node/extensionHostProcess.js:109:11692)
	at Proxy.G.<computed>.Q.charCodeAt.G.<computed> (/root/.vscode-server/bin/7f329fe6c66b0f86ae1574c2911b681ad5a45d63/out/vs/workbench/api/node/extensionHostProcess.js:109:8967)
	at m.g (/root/.vscode-server/bin/7f329fe6c66b0f86ae1574c2911b681ad5a45d63/out/vs/workbench/api/node/extensionHostProcess.js:99:125211)
	at m.executeCommand (/root/.vscode-server/bin/7f329fe6c66b0f86ae1574c2911b681ad5a45d63/out/vs/workbench/api/node/extensionHostProcess.js:99:124587)
	at L.registerCommand.description (/root/.vscode-server/bin/7f329fe6c66b0f86ae1574c2911b681ad5a45d63/out/vs/workbench/api/node/extensionHostProcess.js:99:123880)
	at m.h (/root/.vscode-server/bin/7f329fe6c66b0f86ae1574c2911b681ad5a45d63/out/vs/workbench/api/node/extensionHostProcess.js:99:125797)
	at m.g (/root/.vscode-server/bin/7f329fe6c66b0f86ae1574c2911b681ad5a45d63/out/vs/workbench/api/node/extensionHostProcess.js:99:124687)
	at m.executeCommand (/root/.vscode-server/bin/7f329fe6c66b0f86ae1574c2911b681ad5a45d63/out/vs/workbench/api/node/extensionHostProcess.js:99:124587)
	at Object.executeCommand (/root/.vscode-server/bin/7f329fe6c66b0f86ae1574c2911b681ad5a45d63/out/vs/workbench/api/node/extensionHostProcess.js:115:23801)
	at D (/root/.vscode-server/bin/7f329fe6c66b0f86ae1574c2911b681ad5a45d63/extensions/git/dist/main.js:2:1467156)
	at E.invoke (/root/.vscode-server/bin/7f329fe6c66b0f86ae1574c2911b681ad5a45d63/out/vs/workbench/api/node/extensionHostProcess.js:63:145)
	at h.deliver (/root/.vscode-server/bin/7f329fe6c66b0f86ae1574c2911b681ad5a45d63/out/vs/workbench/api/node/extensionHostProcess.js:63:2121)
	at n.fire (/root/.vscode-server/bin/7f329fe6c66b0f86ae1574c2911b681ad5a45d63/out/vs/workbench/api/node/extensionHostProcess.js:63:1729)
	at Object.m [as dispose] (/root/.vscode-server/bin/7f329fe6c66b0f86ae1574c2911b681ad5a45d63/extensions/git/dist/main.js:2:1481885)
	at /root/.vscode-server/bin/7f329fe6c66b0f86ae1574c2911b681ad5a45d63/extensions/git/dist/main.js:2:1485952
	at Array.forEach (<anonymous>)
	at g.dispose (/root/.vscode-server/bin/7f329fe6c66b0f86ae1574c2911b681ad5a45d63/extensions/git/dist/main.js:2:1485938)
	at t.<anonymous> (/root/.vscode-server/bin/7f329fe6c66b0f86ae1574c2911b681ad5a45d63/out/vs/workbench/api/node/extensionHostProcess.js:97:12398)
	at t.dispose (/root/.vscode-server/bin/7f329fe6c66b0f86ae1574c2911b681ad5a45d63/out/vs/workbench/api/node/extensionHostProcess.js:97:12533)
	at t.<anonymous> (/root/.vscode-server/bin/7f329fe6c66b0f86ae1574c2911b681ad5a45d63/extensions/git/dist/main.js:2:1469286)
	at t.dispose (/root/.vscode-server/bin/7f329fe6c66b0f86ae1574c2911b681ad5a45d63/out/vs/workbench/api/node/extensionHostProcess.js:97:12533)
	at I (/root/.vscode-server/bin/7f329fe6c66b0f86ae1574c2911b681ad5a45d63/out/vs/workbench/api/node/extensionHostProcess.js:10:12084)
	at E.Y (/root/.vscode-server/bin/7f329fe6c66b0f86ae1574c2911b681ad5a45d63/out/vs/workbench/api/node/extensionHostProcess.js:111:11147)
	at /root/.vscode-server/bin/7f329fe6c66b0f86ae1574c2911b681ad5a45d63/out/vs/workbench/api/node/extensionHostProcess.js:111:9131
	at Array.map (<anonymous>)
	at E.R (/root/.vscode-server/bin/7f329fe6c66b0f86ae1574c2911b681ad5a45d63/out/vs/workbench/api/node/extensionHostProcess.js:111:9118)
	at E.terminate (/root/.vscode-server/bin/7f329fe6c66b0f86ae1574c2911b681ad5a45d63/out/vs/workbench/api/node/extensionHostProcess.js:111:9389)
	at d.terminate (/root/.vscode-server/bin/7f329fe6c66b0f86ae1574c2911b681ad5a45d63/out/vs/workbench/api/node/extensionHostProcess.js:115:1544)
	at p (/root/.vscode-server/bin/7f329fe6c66b0f86ae1574c2911b681ad5a45d63/out/vs/workbench/api/node/extensionHostProcess.js:125:18690)
	at /root/.vscode-server/bin/7f329fe6c66b0f86ae1574c2911b681ad5a45d63/out/vs/workbench/api/node/extensionHostProcess.js:125:16600
	at E.invoke (/root/.vscode-server/bin/7f329fe6c66b0f86ae1574c2911b681ad5a45d63/out/vs/workbench/api/node/extensionHostProcess.js:63:145)
	at h.deliver (/root/.vscode-server/bin/7f329fe6c66b0f86ae1574c2911b681ad5a45d63/out/vs/workbench/api/node/extensionHostProcess.js:63:2121)
	at n.fire (/root/.vscode-server/bin/7f329fe6c66b0f86ae1574c2911b681ad5a45d63/out/vs/workbench/api/node/extensionHostProcess.js:63:1729)
	at p.fire (/root/.vscode-server/bin/7f329fe6c66b0f86ae1574c2911b681ad5a45d63/out/vs/workbench/api/node/extensionHostProcess.js:72:14916)
	at s.E (/root/.vscode-server/bin/7f329fe6c66b0f86ae1574c2911b681ad5a45d63/out/vs/workbench/api/node/extensionHostProcess.js:72:18982)
	at /root/.vscode-server/bin/7f329fe6c66b0f86ae1574c2911b681ad5a45d63/out/vs/workbench/api/node/extensionHostProcess.js:72:16970
	at E.invoke (/root/.vscode-server/bin/7f329fe6c66b0f86ae1574c2911b681ad5a45d63/out/vs/workbench/api/node/extensionHostProcess.js:63:145)
	at h.deliver (/root/.vscode-server/bin/7f329fe6c66b0f86ae1574c2911b681ad5a45d63/out/vs/workbench/api/node/extensionHostProcess.js:63:2121)
	at n.fire (/root/.vscode-server/bin/7f329fe6c66b0f86ae1574c2911b681ad5a45d63/out/vs/workbench/api/node/extensionHostProcess.js:63:1729)
	at d.acceptChunk (/root/.vscode-server/bin/7f329fe6c66b0f86ae1574c2911b681ad5a45d63/out/vs/workbench/api/node/extensionHostProcess.js:72:12647)
	at /root/.vscode-server/bin/7f329fe6c66b0f86ae1574c2911b681ad5a45d63/out/vs/workbench/api/node/extensionHostProcess.js:72:11934
	at E.invoke (/root/.vscode-server/bin/7f329fe6c66b0f86ae1574c2911b681ad5a45d63/out/vs/workbench/api/node/extensionHostProcess.js:63:145)
	at h.deliver (/root/.vscode-server/bin/7f329fe6c66b0f86ae1574c2911b681ad5a45d63/out/vs/workbench/api/node/extensionHostProcess.js:63:2121)
	at n.fire (/root/.vscode-server/bin/7f329fe6c66b0f86ae1574c2911b681ad5a45d63/out/vs/workbench/api/node/extensionHostProcess.js:63:1729)
	at n.u (/root/.vscode-server/bin/7f329fe6c66b0f86ae1574c2911b681ad5a45d63/out/vs/workbench/api/node/extensionHostProcess.js:72:28919)
	at n.acceptFrame (/root/.vscode-server/bin/7f329fe6c66b0f86ae1574c2911b681ad5a45d63/out/vs/workbench/api/node/extensionHostProcess.js:72:28725)
	at E.l (/root/.vscode-server/bin/7f329fe6c66b0f86ae1574c2911b681ad5a45d63/out/vs/workbench/api/node/extensionHostProcess.js:72:27312)
	at /root/.vscode-server/bin/7f329fe6c66b0f86ae1574c2911b681ad5a45d63/out/vs/workbench/api/node/extensionHostProcess.js:72:24635
	at Socket.s (/root/.vscode-server/bin/7f329fe6c66b0f86ae1574c2911b681ad5a45d63/out/vs/workbench/api/node/extensionHostProcess.js:72:22469)
	at Socket.emit (node:events:526:28)
	at addChunk (node:internal/streams/readable:315:12)
	at readableAddChunk (node:internal/streams/readable:289:9)
	at Socket.Readable.push (node:internal/streams/readable:228:10)
	at TCP.onStreamRead (node:internal/stream_base_commons:190:23) setContext undefined
2023-04-04 12:00:47.784 [info] Extension host with pid 156 exiting with code 0
